digraph Tree {
node [shape=box, style="filled", color="black"] ;
0 [label=<Account Balance &le; 2.5<br/>gini = 0.5<br/>samples = 980<br/>value = [498, 482]<br/>class = 0>, fillcolor="#e5813908"] ;
1 [label=<Duration of Credit (month) &le; 11.5<br/>gini = 0.449<br/>samples = 623<br/>value = [411, 212]<br/>class = 0>, fillcolor="#e581397b"] ;
0 -> 1 [labeldistance=2.5, labelangle=45, headlabel="True"] ;
2 [label=<Payment Status of Previous Credit &le; 1.5<br/>gini = 0.417<br/>samples = 71<br/>value = [21, 50]<br/>class = 1>, fillcolor="#399de594"] ;
1 -> 2 ;
3 [label=<Most valuable available asset &le; 1.5<br/>gini = 0.142<br/>samples = 13<br/>value = [12, 1]<br/>class = 0>, fillcolor="#e58139ea"] ;
2 -> 3 ;
4 [label=<gini = 0.0<br/>samples = 1<br/>value = [0, 1]<br/>class = 1>, fillcolor="#399de5ff"] ;
3 -> 4 ;
5 [label=<gini = 0.0<br/>samples = 12<br/>value = [12, 0]<br/>class = 0>, fillcolor="#e58139ff"] ;
3 -> 5 ;
6 [label=<Age (years) &le; 24.5<br/>gini = 0.262<br/>samples = 58<br/>value = [9, 49]<br/>class = 1>, fillcolor="#399de5d0"] ;
2 -> 6 ;
7 [label=<gini = 0.5<br/>samples = 12<br/>value = [6, 6]<br/>class = 0>, fillcolor="#e5813900"] ;
6 -> 7 ;
8 [label=<gini = 0.122<br/>samples = 46<br/>value = [3, 43]<br/>class = 1>, fillcolor="#399de5ed"] ;
6 -> 8 ;
9 [label=<Duration of Credit (month) &le; 31.5<br/>gini = 0.415<br/>samples = 552<br/>value = [390, 162]<br/>class = 0>, fillcolor="#e5813995"] ;
1 -> 9 ;
10 [label=<Credit Amount &le; 1381.5<br/>gini = 0.451<br/>samples = 398<br/>value = [261, 137]<br/>class = 0>, fillcolor="#e5813979"] ;
9 -> 10 ;
11 [label=<gini = 0.316<br/>samples = 132<br/>value = [106, 26]<br/>class = 0>, fillcolor="#e58139c0"] ;
10 -> 11 ;
12 [label=<gini = 0.486<br/>samples = 266<br/>value = [155, 111]<br/>class = 0>, fillcolor="#e5813948"] ;
10 -> 12 ;
13 [label=<Length of current employment &le; 1.5<br/>gini = 0.272<br/>samples = 154<br/>value = [129, 25]<br/>class = 0>, fillcolor="#e58139ce"] ;
9 -> 13 ;
14 [label=<gini = 0.0<br/>samples = 4<br/>value = [0, 4]<br/>class = 1>, fillcolor="#399de5ff"] ;
13 -> 14 ;
15 [label=<gini = 0.241<br/>samples = 150<br/>value = [129, 21]<br/>class = 0>, fillcolor="#e58139d5"] ;
13 -> 15 ;
16 [label=<Length of current employment &le; 3.5<br/>gini = 0.369<br/>samples = 357<br/>value = [87, 270]<br/>class = 1>, fillcolor="#399de5ad"] ;
0 -> 16 [labeldistance=2.5, labelangle=-45, headlabel="False"] ;
17 [label=<Duration of Credit (month) &le; 29.0<br/>gini = 0.451<br/>samples = 198<br/>value = [68, 130]<br/>class = 1>, fillcolor="#399de57a"] ;
16 -> 17 ;
18 [label=<Concurrent Credits &le; 2.5<br/>gini = 0.409<br/>samples = 164<br/>value = [47, 117]<br/>class = 1>, fillcolor="#399de599"] ;
17 -> 18 ;
19 [label=<gini = 0.497<br/>samples = 24<br/>value = [13, 11]<br/>class = 0>, fillcolor="#e5813927"] ;
18 -> 19 ;
20 [label=<gini = 0.368<br/>samples = 140<br/>value = [34, 106]<br/>class = 1>, fillcolor="#399de5ad"] ;
18 -> 20 ;
21 [label=<Age (years) &le; 36.5<br/>gini = 0.472<br/>samples = 34<br/>value = [21, 13]<br/>class = 0>, fillcolor="#e5813961"] ;
17 -> 21 ;
22 [label=<gini = 0.499<br/>samples = 25<br/>value = [13, 12]<br/>class = 0>, fillcolor="#e5813914"] ;
21 -> 22 ;
23 [label=<gini = 0.198<br/>samples = 9<br/>value = [8, 1]<br/>class = 0>, fillcolor="#e58139df"] ;
21 -> 23 ;
24 [label=<Credit Amount &le; 11523.0<br/>gini = 0.21<br/>samples = 159<br/>value = [19, 140]<br/>class = 1>, fillcolor="#399de5dc"] ;
16 -> 24 ;
25 [label=<Age (years) &le; 22.5<br/>gini = 0.186<br/>samples = 154<br/>value = [16, 138]<br/>class = 1>, fillcolor="#399de5e1"] ;
24 -> 25 ;
26 [label=<gini = 0.444<br/>samples = 3<br/>value = [2, 1]<br/>class = 0>, fillcolor="#e581397f"] ;
25 -> 26 ;
27 [label=<gini = 0.168<br/>samples = 151<br/>value = [14, 137]<br/>class = 1>, fillcolor="#399de5e5"] ;
25 -> 27 ;
28 [label=<Duration of Credit (month) &le; 34.5<br/>gini = 0.48<br/>samples = 5<br/>value = [3, 2]<br/>class = 0>, fillcolor="#e5813955"] ;
24 -> 28 ;
29 [label=<gini = 0.0<br/>samples = 3<br/>value = [3, 0]<br/>class = 0>, fillcolor="#e58139ff"] ;
28 -> 29 ;
30 [label=<gini = 0.0<br/>samples = 2<br/>value = [0, 2]<br/>class = 1>, fillcolor="#399de5ff"] ;
28 -> 30 ;
}